This is pdfTeX, Version 3.141592653-2.6-1.40.25 (MiKTeX 24.1) (preloaded format=pdflatex 2025.8.3)  3 AUG 2025 19:38
entering extended mode
 restricted \write18 enabled.
 file:line:error style messages enabled.
 %&-line parsing enabled.
**"e:/Master/Semester 3/Seminar Web Sementic/Latex_Quellcoden/main.tex"
(e:/Master/Semester 3/Seminar Web Sementic/Latex_Quellcoden/main.tex
LaTeX2e <2023-11-01> patch level 1
L3 programming layer <2024-01-04>
(C:\Users\Ouabo Jordan\AppData\Local\Programs\MiKTeX\tex/latex/base\article.cls
Document Class: article 2023/05/17 v1.4n Standard LaTeX document class
(C:\Users\Ouabo Jordan\AppData\Local\Programs\MiKTeX\tex/latex/base\size12.clo
File: size12.clo 2023/05/17 v1.4n Standard LaTeX file (size option)
)
\c@part=\count187
\c@section=\count188
\c@subsection=\count189
\c@subsubsection=\count190
\c@paragraph=\count191
\c@subparagraph=\count192
\c@figure=\count193
\c@table=\count194
\abovecaptionskip=\skip48
\belowcaptionskip=\skip49
\bibindent=\dimen140
) (C:\Users\Ouabo Jordan\AppData\Local\Programs\MiKTeX\tex/latex/base\inputenc.sty
Package: inputenc 2021/02/14 v1.3d Input encoding file
\inpenc@prehook=\toks17
\inpenc@posthook=\toks18
) (C:\Users\Ouabo Jordan\AppData\Local\Programs\MiKTeX\tex/generic/babel\babel.sty
Package: babel 2024/01/07 v24.1 The Babel package
\babel@savecnt=\count195
\U@D=\dimen141
\l@unhyphenated=\language79
 (C:\Users\Ouabo Jordan\AppData\Local\Programs\MiKTeX\tex/generic/babel\txtbabel.def)
\bbl@readstream=\read2
\bbl@dirlevel=\count196

*************************************
* Local config file bblopts.cfg used
*
(C:\Users\Ouabo Jordan\AppData\Local\Programs\MiKTeX\tex/latex/arabi\bblopts.cfg
File: bblopts.cfg 2005/09/08 v0.1 add Arabic and Farsi to "declared" options of babel
) (C:\Users\Ouabo Jordan\AppData\Local\Programs\MiKTeX\tex/latex/babel-german\ngerman.ldf
Language: ngerman 2024/12/10 v2.15 German support for babel (post-1996 orthography)
 (C:\Users\Ouabo Jordan\AppData\Local\Programs\MiKTeX\tex/latex/babel-german\ngermanb.ldf
Language: ngermanb 2024/12/10 v2.15 German support for babel (post-1996 orthography)
Package babel Info: Making " an active character on input line 122.
))) (C:\Users\Ouabo Jordan\AppData\Local\Programs\MiKTeX\tex/generic/babel/locale/de\babel-ngerman.tex
Package babel Info: Importing font and identification data for ngerman
(babel)             from babel-de.ini. Reported on input line 11.
) (C:\Users\Ouabo Jordan\AppData\Local\Programs\MiKTeX\tex/latex/graphics\graphicx.sty
Package: graphicx 2021/09/16 v1.2d Enhanced LaTeX Graphics (DPC,SPQR)
 (C:\Users\Ouabo Jordan\AppData\Local\Programs\MiKTeX\tex/latex/graphics\keyval.sty
Package: keyval 2022/05/29 v1.15 key=value parser (DPC)
\KV@toks@=\toks19
) (C:\Users\Ouabo Jordan\AppData\Local\Programs\MiKTeX\tex/latex/graphics\graphics.sty
Package: graphics 2022/03/10 v1.4e Standard LaTeX Graphics (DPC,SPQR)
 (C:\Users\Ouabo Jordan\AppData\Local\Programs\MiKTeX\tex/latex/graphics\trig.sty
Package: trig 2021/08/11 v1.11 sin cos tan (DPC)
) (C:\Users\Ouabo Jordan\AppData\Local\Programs\MiKTeX\tex/latex/graphics-cfg\graphics.cfg
File: graphics.cfg 2016/06/04 v1.11 sample graphics configuration
)
Package graphics Info: Driver file: pdftex.def on input line 107.
 (C:\Users\Ouabo Jordan\AppData\Local\Programs\MiKTeX\tex/latex/graphics-def\pdftex.def
File: pdftex.def 2022/09/22 v1.2b Graphics/color driver for pdftex
))
\Gin@req@height=\dimen142
\Gin@req@width=\dimen143
) (C:\Users\Ouabo Jordan\AppData\Local\Programs\MiKTeX\tex/latex/amsmath\amsmath.sty
Package: amsmath 2023/05/13 v2.17o AMS math features
\@mathmargin=\skip50

For additional information on amsmath, use the `?' option.
(C:\Users\Ouabo Jordan\AppData\Local\Programs\MiKTeX\tex/latex/amsmath\amstext.sty
Package: amstext 2021/08/26 v2.01 AMS text
 (C:\Users\Ouabo Jordan\AppData\Local\Programs\MiKTeX\tex/latex/amsmath\amsgen.sty
File: amsgen.sty 1999/11/30 v2.0 generic functions
\@emptytoks=\toks20
\ex@=\dimen144
)) (C:\Users\Ouabo Jordan\AppData\Local\Programs\MiKTeX\tex/latex/amsmath\amsbsy.sty
Package: amsbsy 1999/11/29 v1.2d Bold Symbols
\pmbraise@=\dimen145
) (C:\Users\Ouabo Jordan\AppData\Local\Programs\MiKTeX\tex/latex/amsmath\amsopn.sty
Package: amsopn 2022/04/08 v2.04 operator names
)
\inf@bad=\count197
LaTeX Info: Redefining \frac on input line 234.
\uproot@=\count198
\leftroot@=\count199
LaTeX Info: Redefining \overline on input line 399.
LaTeX Info: Redefining \colon on input line 410.
\classnum@=\count266
\DOTSCASE@=\count267
LaTeX Info: Redefining \ldots on input line 496.
LaTeX Info: Redefining \dots on input line 499.
LaTeX Info: Redefining \cdots on input line 620.
\Mathstrutbox@=\box51
\strutbox@=\box52
LaTeX Info: Redefining \big on input line 722.
LaTeX Info: Redefining \Big on input line 723.
LaTeX Info: Redefining \bigg on input line 724.
LaTeX Info: Redefining \Bigg on input line 725.
\big@size=\dimen146
LaTeX Font Info:    Redeclaring font encoding OML on input line 743.
LaTeX Font Info:    Redeclaring font encoding OMS on input line 744.
\macc@depth=\count268
LaTeX Info: Redefining \bmod on input line 905.
LaTeX Info: Redefining \pmod on input line 910.
LaTeX Info: Redefining \smash on input line 940.
LaTeX Info: Redefining \relbar on input line 970.
LaTeX Info: Redefining \Relbar on input line 971.
\c@MaxMatrixCols=\count269
\dotsspace@=\muskip16
\c@parentequation=\count270
\dspbrk@lvl=\count271
\tag@help=\toks21
\row@=\count272
\column@=\count273
\maxfields@=\count274
\andhelp@=\toks22
\eqnshift@=\dimen147
\alignsep@=\dimen148
\tagshift@=\dimen149
\tagwidth@=\dimen150
\totwidth@=\dimen151
\lineht@=\dimen152
\@envbody=\toks23
\multlinegap=\skip51
\multlinetaggap=\skip52
\mathdisplay@stack=\toks24
LaTeX Info: Redefining \[ on input line 2953.
LaTeX Info: Redefining \] on input line 2954.
) (C:\Users\Ouabo Jordan\AppData\Local\Programs\MiKTeX\tex/latex/csquotes\csquotes.sty
Package: csquotes 2024-04-04 v5.2o context-sensitive quotations (JAW)
 (C:\Users\Ouabo Jordan\AppData\Local\Programs\MiKTeX\tex/latex/etoolbox\etoolbox.sty
Package: etoolbox 2020/10/05 v2.5k e-TeX tools for LaTeX (JAW)
\etb@tempcnta=\count275
)
\csq@reset=\count276
\csq@gtype=\count277
\csq@glevel=\count278
\csq@qlevel=\count279
\csq@maxlvl=\count280
\csq@tshold=\count281
\csq@ltx@everypar=\toks25
 (C:\Users\Ouabo Jordan\AppData\Local\Programs\MiKTeX\tex/latex/csquotes\csquotes.def
File: csquotes.def 2024-04-04 v5.2o csquotes generic definitions (JAW)
)
Package csquotes Info: Trying to load configuration file 'csquotes.cfg'...
Package csquotes Info: ... configuration file loaded successfully.
 (C:\Users\Ouabo Jordan\AppData\Local\Programs\MiKTeX\tex/latex/csquotes\csquotes.cfg
File: csquotes.cfg 
)) (C:\Users\Ouabo Jordan\AppData\Local\Programs\MiKTeX\tex/latex/biblatex\biblatex.sty
Package: biblatex 2023/03/05 v3.19 programmable bibliographies (PK/MW)
 (C:\Users\Ouabo Jordan\AppData\Local\Programs\MiKTeX\tex/generic/pdftexcmds\pdftexcmds.sty
Package: pdftexcmds 2020-06-27 v0.33 Utility functions of pdfTeX for LuaTeX (HO)
 (C:\Users\Ouabo Jordan\AppData\Local\Programs\MiKTeX\tex/generic/infwarerr\infwarerr.sty
Package: infwarerr 2019/12/03 v1.5 Providing info/warning/error messages (HO)
) (C:\Users\Ouabo Jordan\AppData\Local\Programs\MiKTeX\tex/generic/iftex\iftex.sty
Package: iftex 2022/02/03 v1.0f TeX engine tests
) (C:\Users\Ouabo Jordan\AppData\Local\Programs\MiKTeX\tex/generic/ltxcmds\ltxcmds.sty
Package: ltxcmds 2023-12-04 v1.26 LaTeX kernel commands for general use (HO)
)
Package pdftexcmds Info: \pdf@primitive is available.
Package pdftexcmds Info: \pdf@ifprimitive is available.
Package pdftexcmds Info: \pdfdraftmode found.
) (C:\Users\Ouabo Jordan\AppData\Local\Programs\MiKTeX\tex/latex/kvoptions\kvoptions.sty
Package: kvoptions 2022-06-15 v3.15 Key value format for package options (HO)
 (C:\Users\Ouabo Jordan\AppData\Local\Programs\MiKTeX\tex/latex/kvsetkeys\kvsetkeys.sty
Package: kvsetkeys 2022-10-05 v1.19 Key value parser (HO)
)) (C:\Users\Ouabo Jordan\AppData\Local\Programs\MiKTeX\tex/latex/logreq\logreq.sty
Package: logreq 2010/08/04 v1.0 xml request logger
\lrq@indent=\count282
 (C:\Users\Ouabo Jordan\AppData\Local\Programs\MiKTeX\tex/latex/logreq\logreq.def
File: logreq.def 2010/08/04 v1.0 logreq spec v1.0
)) (C:\Users\Ouabo Jordan\AppData\Local\Programs\MiKTeX\tex/latex/base\ifthen.sty
Package: ifthen 2022/04/13 v1.1d Standard LaTeX ifthen package (DPC)
) (C:\Users\Ouabo Jordan\AppData\Local\Programs\MiKTeX\tex/latex/url\url.sty
\Urlmuskip=\muskip17
Package: url 2013/09/16  ver 3.4  Verb mode for urls, etc.
)
\c@tabx@nest=\count283
\c@listtotal=\count284
\c@listcount=\count285
\c@liststart=\count286
\c@liststop=\count287
\c@citecount=\count288
\c@citetotal=\count289
\c@multicitecount=\count290
\c@multicitetotal=\count291
\c@instcount=\count292
\c@maxnames=\count293
\c@minnames=\count294
\c@maxitems=\count295
\c@minitems=\count296
\c@citecounter=\count297
\c@maxcitecounter=\count298
\c@savedcitecounter=\count299
\c@uniquelist=\count300
\c@uniquename=\count301
\c@refsection=\count302
\c@refsegment=\count303
\c@maxextratitle=\count304
\c@maxextratitleyear=\count305
\c@maxextraname=\count306
\c@maxextradate=\count307
\c@maxextraalpha=\count308
\c@abbrvpenalty=\count309
\c@highnamepenalty=\count310
\c@lownamepenalty=\count311
\c@maxparens=\count312
\c@parenlevel=\count313
\blx@tempcnta=\count314
\blx@tempcntb=\count315
\blx@tempcntc=\count316
\c@blx@maxsection=\count317
\blx@maxsegment@0=\count318
\blx@notetype=\count319
\blx@parenlevel@text=\count320
\blx@parenlevel@foot=\count321
\blx@sectionciteorder@0=\count322
\blx@sectionciteorderinternal@0=\count323
\blx@entrysetcounter=\count324
\blx@biblioinstance=\count325
\labelnumberwidth=\skip53
\labelalphawidth=\skip54
\biblabelsep=\skip55
\bibitemsep=\skip56
\bibnamesep=\skip57
\bibinitsep=\skip58
\bibparsep=\skip59
\bibhang=\skip60
\blx@bcfin=\read3
\blx@bcfout=\write3
\blx@langwohyphens=\language80
\c@mincomprange=\count326
\c@maxcomprange=\count327
\c@mincompwidth=\count328
Package biblatex Info: Trying to load biblatex default data model...
Package biblatex Info: ... file 'blx-dm.def' found.
 (C:\Users\Ouabo Jordan\AppData\Local\Programs\MiKTeX\tex/latex/biblatex\blx-dm.def
File: blx-dm.def 2023/03/05 v3.19 biblatex localization (PK/MW)
)
Package biblatex Info: Trying to load biblatex style data model...
Package biblatex Info: ... file 'numeric.dbx' not found.
Package biblatex Info: Trying to load biblatex custom data model...
Package biblatex Info: ... file 'biblatex-dm.cfg' not found.
\c@afterword=\count329
\c@savedafterword=\count330
\c@annotator=\count331
\c@savedannotator=\count332
\c@author=\count333
\c@savedauthor=\count334
\c@bookauthor=\count335
\c@savedbookauthor=\count336
\c@commentator=\count337
\c@savedcommentator=\count338
\c@editor=\count339
\c@savededitor=\count340
\c@editora=\count341
\c@savededitora=\count342
\c@editorb=\count343
\c@savededitorb=\count344
\c@editorc=\count345
\c@savededitorc=\count346
\c@foreword=\count347
\c@savedforeword=\count348
\c@holder=\count349
\c@savedholder=\count350
\c@introduction=\count351
\c@savedintroduction=\count352
\c@namea=\count353
\c@savednamea=\count354
\c@nameb=\count355
\c@savednameb=\count356
\c@namec=\count357
\c@savednamec=\count358
\c@translator=\count359
\c@savedtranslator=\count360
\c@shortauthor=\count361
\c@savedshortauthor=\count362
\c@shorteditor=\count363
\c@savedshorteditor=\count364
\c@labelname=\count365
\c@savedlabelname=\count366
\c@institution=\count367
\c@savedinstitution=\count368
\c@lista=\count369
\c@savedlista=\count370
\c@listb=\count371
\c@savedlistb=\count372
\c@listc=\count373
\c@savedlistc=\count374
\c@listd=\count375
\c@savedlistd=\count376
\c@liste=\count377
\c@savedliste=\count378
\c@listf=\count379
\c@savedlistf=\count380
\c@location=\count381
\c@savedlocation=\count382
\c@organization=\count383
\c@savedorganization=\count384
\c@origlocation=\count385
\c@savedoriglocation=\count386
\c@origpublisher=\count387
\c@savedorigpublisher=\count388
\c@publisher=\count389
\c@savedpublisher=\count390
\c@language=\count391
\c@savedlanguage=\count392
\c@origlanguage=\count393
\c@savedoriglanguage=\count394
\c@pageref=\count395
\c@savedpageref=\count396
\shorthandwidth=\skip61
\shortjournalwidth=\skip62
\shortserieswidth=\skip63
\shorttitlewidth=\skip64
\shortauthorwidth=\skip65
\shorteditorwidth=\skip66
\locallabelnumberwidth=\skip67
\locallabelalphawidth=\skip68
\localshorthandwidth=\skip69
\localshortjournalwidth=\skip70
\localshortserieswidth=\skip71
\localshorttitlewidth=\skip72
\localshortauthorwidth=\skip73
\localshorteditorwidth=\skip74
Package biblatex Info: Trying to load compatibility code...
Package biblatex Info: ... file 'blx-compat.def' found.
 (C:\Users\Ouabo Jordan\AppData\Local\Programs\MiKTeX\tex/latex/biblatex\blx-compat.def
File: blx-compat.def 2023/03/05 v3.19 biblatex compatibility (PK/MW)
)
Package biblatex Info: Trying to load generic definitions...
Package biblatex Info: ... file 'biblatex.def' found.
 (C:\Users\Ouabo Jordan\AppData\Local\Programs\MiKTeX\tex/latex/biblatex\biblatex.def
File: biblatex.def 2023/03/05 v3.19 biblatex compatibility (PK/MW)
\c@textcitecount=\count397
\c@textcitetotal=\count398
\c@textcitemaxnames=\count399
\c@biburlbigbreakpenalty=\count400
\c@biburlbreakpenalty=\count401
\c@biburlnumpenalty=\count402
\c@biburlucpenalty=\count403
\c@biburllcpenalty=\count404
\biburlbigskip=\muskip18
\biburlnumskip=\muskip19
\biburlucskip=\muskip20
\biburllcskip=\muskip21
\c@smartand=\count405
)
Package biblatex Info: Trying to load bibliography style 'numeric'...
Package biblatex Info: ... file 'numeric.bbx' found.
 (C:\Users\Ouabo Jordan\AppData\Local\Programs\MiKTeX\tex/latex/biblatex/bbx\numeric.bbx
File: numeric.bbx 2023/03/05 v3.19 biblatex bibliography style (PK/MW)
Package biblatex Info: Trying to load bibliography style 'standard'...
Package biblatex Info: ... file 'standard.bbx' found.
 (C:\Users\Ouabo Jordan\AppData\Local\Programs\MiKTeX\tex/latex/biblatex/bbx\standard.bbx
File: standard.bbx 2023/03/05 v3.19 biblatex bibliography style (PK/MW)
\c@bbx:relatedcount=\count406
\c@bbx:relatedtotal=\count407
))
Package biblatex Info: Trying to load citation style 'numeric'...
Package biblatex Info: ... file 'numeric.cbx' found.
 (C:\Users\Ouabo Jordan\AppData\Local\Programs\MiKTeX\tex/latex/biblatex/cbx\numeric.cbx
File: numeric.cbx 2023/03/05 v3.19 biblatex citation style (PK/MW)
Package biblatex Info: Redefining '\cite'.
Package biblatex Info: Redefining '\parencite'.
Package biblatex Info: Redefining '\footcite'.
Package biblatex Info: Redefining '\footcitetext'.
Package biblatex Info: Redefining '\smartcite'.
Package biblatex Info: Redefining '\supercite'.
Package biblatex Info: Redefining '\textcite'.
Package biblatex Info: Redefining '\textcites'.
Package biblatex Info: Redefining '\cites'.
Package biblatex Info: Redefining '\parencites'.
Package biblatex Info: Redefining '\smartcites'.
)
Package biblatex Info: Trying to load configuration file...
Package biblatex Info: ... file 'biblatex.cfg' found.
 (C:\Users\Ouabo Jordan\AppData\Local\Programs\MiKTeX\tex/latex/biblatex\biblatex.cfg
File: biblatex.cfg 
)
Package biblatex Info: Input encoding 'utf8' detected.
Package biblatex Info: Document encoding is UTF8 ....
 (C:\Users\Ouabo Jordan\AppData\Local\Programs\MiKTeX\tex/latex/l3kernel\expl3.sty
Package: expl3 2024-01-04 L3 programming layer (loader) 
 (C:\Users\Ouabo Jordan\AppData\Local\Programs\MiKTeX\tex/latex/l3backend\l3backend-pdftex.def
File: l3backend-pdftex.def 2024-01-04 L3 backend support: PDF output (pdfTeX)
\l__color_backend_stack_int=\count408
\l__pdf_internal_box=\box53
))
Package biblatex Info: ... and expl3
(biblatex)             2024-01-04 L3 programming layer (loader) 
(biblatex)             is new enough (at least 2020/04/06),
(biblatex)             setting 'casechanger=expl3'.
 (C:\Users\Ouabo Jordan\AppData\Local\Programs\MiKTeX\tex/latex/biblatex\blx-case-expl3.sty (C:\Users\Ouabo Jordan\AppData\Local\Programs\MiKTeX\tex/latex/l3packages/xparse\xparse.sty
Package: xparse 2023-10-10 L3 Experimental document command parser
)
Package: blx-case-expl3 2023/03/05 v3.19 expl3 case changing code for biblatex
)) (C:\Users\Ouabo Jordan\AppData\Local\Programs\MiKTeX\tex/latex/listings\listings.sty
\lst@mode=\count409
\lst@gtempboxa=\box54
\lst@token=\toks26
\lst@length=\count410
\lst@currlwidth=\dimen153
\lst@column=\count411
\lst@pos=\count412
\lst@lostspace=\dimen154
\lst@width=\dimen155
\lst@newlines=\count413
\lst@lineno=\count414
\lst@maxwidth=\dimen156
 (C:\Users\Ouabo Jordan\AppData\Local\Programs\MiKTeX\tex/latex/listings\lstmisc.sty
File: lstmisc.sty 2023/02/27 1.9 (Carsten Heinz)
\c@lstnumber=\count415
\lst@skipnumbers=\count416
\lst@framebox=\box55
) (C:\Users\Ouabo Jordan\AppData\Local\Programs\MiKTeX\tex/latex/listings\listings.cfg
File: listings.cfg 2023/02/27 1.9 listings configuration
))
Package: listings 2023/02/27 1.9 (Carsten Heinz)
Package csquotes Info: Checking for multilingual support...
Package csquotes Info: ... found 'babel' package.
Package csquotes Info: Adjusting default style.
Package csquotes Info: Redefining alias 'default' -> 'ngerman'.
 (main.aux)
\openout1 = `main.aux'.

LaTeX Font Info:    Checking defaults for OML/cmm/m/it on input line 23.
LaTeX Font Info:    ... okay on input line 23.
LaTeX Font Info:    Checking defaults for OMS/cmsy/m/n on input line 23.
LaTeX Font Info:    ... okay on input line 23.
LaTeX Font Info:    Checking defaults for OT1/cmr/m/n on input line 23.
LaTeX Font Info:    ... okay on input line 23.
LaTeX Font Info:    Checking defaults for T1/cmr/m/n on input line 23.
LaTeX Font Info:    ... okay on input line 23.
LaTeX Font Info:    Checking defaults for TS1/cmr/m/n on input line 23.
LaTeX Font Info:    ... okay on input line 23.
LaTeX Font Info:    Checking defaults for OMX/cmex/m/n on input line 23.
LaTeX Font Info:    ... okay on input line 23.
LaTeX Font Info:    Checking defaults for U/cmr/m/n on input line 23.
LaTeX Font Info:    ... okay on input line 23.
 (C:\Users\Ouabo Jordan\AppData\Local\Programs\MiKTeX\tex/context/base/mkii\supp-pdf.mkii
[Loading MPS to PDF converter (version 2006.09.02).]
\scratchcounter=\count417
\scratchdimen=\dimen157
\scratchbox=\box56
\nofMPsegments=\count418
\nofMParguments=\count419
\everyMPshowfont=\toks27
\MPscratchCnt=\count420
\MPscratchDim=\dimen158
\MPnumerator=\count421
\makeMPintoPDFobject=\count422
\everyMPtoPDFconversion=\toks28
) (C:\Users\Ouabo Jordan\AppData\Local\Programs\MiKTeX\tex/latex/epstopdf-pkg\epstopdf-base.sty
Package: epstopdf-base 2020-01-24 v2.11 Base part for package epstopdf
Package epstopdf-base Info: Redefining graphics rule for `.eps' on input line 485.
 (C:\Users\Ouabo Jordan\AppData\Local\Programs\MiKTeX\tex/latex/00miktex\epstopdf-sys.cfg
File: epstopdf-sys.cfg 2021/03/18 v2.0 Configuration of epstopdf for MiKTeX
))
Package biblatex Info: Trying to load language 'ngerman'...
Package biblatex Info: ... file 'ngerman.lbx' found.
 (C:\Users\Ouabo Jordan\AppData\Local\Programs\MiKTeX\tex/latex/biblatex/lbx\ngerman.lbx
File: ngerman.lbx 2023/03/05 v3.19 biblatex localization (PK/MW)
Package biblatex Info: Trying to load language 'german'...
Package biblatex Info: ... file 'german.lbx' found.
 (C:\Users\Ouabo Jordan\AppData\Local\Programs\MiKTeX\tex/latex/biblatex/lbx\german.lbx
File: german.lbx 2023/03/05 v3.19 biblatex localization (PK/MW)
)
Package biblatex Info: Trying to load language 'german'...
Package biblatex Info: ... file 'german.lbx' found.
 (C:\Users\Ouabo Jordan\AppData\Local\Programs\MiKTeX\tex/latex/biblatex/lbx\german.lbx
File: german.lbx 2023/03/05 v3.19 biblatex localization (PK/MW)
))
Package biblatex Info: Input encoding 'utf8' detected.
Package biblatex Info: Automatic encoding selection.
(biblatex)             Assuming data encoding 'utf8'.
\openout3 = `main.bcf'.

Package biblatex Info: Trying to load bibliographic data...
Package biblatex Info: ... file 'main.bbl' found.
 (main.bbl)
Package biblatex Info: Reference section=0 on input line 23.
Package biblatex Info: Reference segment=0 on input line 23.
\c@lstlisting=\count423
 [1

{C:/Users/Ouabo Jordan/AppData/Local/MiKTeX/fonts/map/pdftex/pdftex.map}] (main.toc [1])
\tf@toc=\write4
\openout4 = `main.toc'.

 [2] [3]
Overfull \hbox (28.02426pt too wide) in paragraph at lines 82--83
\OT1/cmr/m/it/12 al-ge-brai-schen An-fra-ge-baum []\OT1/cmr/m/n/12 ubersetzt. Die-ser dient als in-ter-ne Re-pr[]asentation
 []


Overfull \hbox (10.53743pt too wide) in paragraph at lines 84--85
\OT1/cmr/m/n/12 nen in ei-ne []aquivalente, aber ef-fi-zi-en-ter aus-zuf[]uhrende Va-ri-an-te []uberf[]uhrt.
 []


Overfull \hbox (48.43092pt too wide) in paragraph at lines 94--95
[]\OT1/cmr/bx/n/12 Selektion ($\OML/cmm/m/it/12 ^^[$\OT1/cmr/bx/n/12 ): \OT1/cmr/m/n/12 Fil-tert Tu-pel auf Ba-sis ei-nes Pr[]adikats, z.B. $\OML/cmm/m/it/12 ^^[[]\OT1/cmr/m/n/12 ([])$. 
 []

[4]
Overfull \hbox (18.40747pt too wide) in paragraph at lines 95--96
[]\OT1/cmr/bx/n/12 Projektion ($\OML/cmm/m/it/12 ^^Y$\OT1/cmr/bx/n/12 ): \OT1/cmr/m/n/12 Re-du-ziert die At-tri-but-men-ge, z.B. $\OML/cmm/m/it/12 ^^Y[]\OT1/cmr/m/n/12 ([])$. 
 []


Overfull \hbox (38.34131pt too wide) in paragraph at lines 104--105
\OT1/cmr/m/n/12 Ziel der An-fra-ge-op-ti-mie-rung ist es, einen m[]oglichst kos-teng[]unstigen Ausf[]uhrungsplan
 []


Overfull \hbox (25.29228pt too wide) in paragraph at lines 121--122
[]\OT1/cmr/bx/n/12 Parallelisierung: \OT1/cmr/m/n/12 Nutzt meh-re-re CPU-Kerne zur gleich-zei-ti-gen Ausf[]uhrung
 []

[5]
Overfull \hbox (1.11095pt too wide) in paragraph at lines 122--123
[]\OT1/cmr/bx/n/12 Materialisierung vs. Pi-pe-li-nie-rung: \OT1/cmr/m/n/12 Un-ter-schied-li-che Stra-te-gi-en zur
 []

[6]
LaTeX Font Info:    Font shape `OT1/cmtt/bx/n' in size <12> not available
(Font)              Font shape `OT1/cmtt/m/n' tried instead on input line 155.
 [7]
Overfull \hbox (1.52693pt too wide) in paragraph at lines 176--177
\OT1/cmr/m/n/12 RDF-DBMS (z.B. Apa-che Je-na, Vir-tuo-so, Bla-ze-graph) ver-ar-bei-ten SPARQL-
 []


Overfull \hbox (18.3757pt too wide) in paragraph at lines 192--193
[]\OT1/cmr/bx/n/12 Property Ta-bles: \OT1/cmr/m/n/12 Grup-pie-rung h[]aufig ge-mein-sam auf-tre-ten-der Pr[]adikate. 
 []

[8]
Overfull \hbox (8.63478pt too wide) in paragraph at lines 196--197
[]\OT1/cmr/m/n/12 Diese Struk-tu-ren be-stim-men ma^^Y-geb-lich die Op-ti-mier-bar-keit von SPARQL-
 []


Overfull \hbox (103.84349pt too wide) in paragraph at lines 196--197
\OT1/cmr/m/n/12 Anfragen und be-ein-flus-sen so-wohl den Pla-nungs-auf-wand als auch die Ausf[]uhrungsgeschwindigkeit. 
 []


Overfull \hbox (17.93777pt too wide) in paragraph at lines 199--199
[]\OT1/cmr/bx/n/17.28 Optimierungsprobleme in RDF-Datenbanken 
 []


Overfull \hbox (15.73537pt too wide) in paragraph at lines 209--210
\OT1/cmr/m/n/12 ei-nem mehr-stu-fi-gen Join []uber die Tri-pel \OT1/cmtt/m/n/12 (?book dc:creator ?author)\OT1/cmr/m/n/12 , \OT1/cmtt/m/n/12 (?book
 []

[9]
Overfull \hbox (6.72003pt too wide) in paragraph at lines 223--223
[]\OT1/cmr/bx/n/14.4 Komplexe SPARQL-Konstrukte: OP-TIO-NAL, FIL-
 []


Overfull \hbox (15.9111pt too wide) in paragraph at lines 225--226
\OT1/cmr/m/n/12 NAL er-zeugt im-pli-zit einen left ou-ter join, wo-durch be-stimm-te Join-Reihenfolgen
 []


Overfull \hbox (1.18565pt too wide) in paragraph at lines 225--226
\OT1/cmr/m/n/12 aus-ge-schlos-sen wer-den. FILTER-Ausdr[]ucke, ins-be-son-de-re wenn sie auf BIND-
 []

[10]
Overfull \hbox (11.97353pt too wide) in paragraph at lines 242--243
\OT1/cmr/m/n/12 ve-ni-enz oder Ver-sio-nie-rung), doch f[]uhrt dies in der Op-ti-mie-rung zu zus[]atzlichem
 []

[11]
Overfull \hbox (13.24435pt too wide) in paragraph at lines 269--270
[]\OT1/cmr/m/n/12 Hierbei wird an-ge-nom-men, dass `rdf:type` ei-ne stark se-lek-ti-ve Ein-schr[]ankung
 []

[12]
Overfull \hbox (21.59282pt too wide) in paragraph at lines 277--278
\OT1/cmr/m/n/12 JOINs []uber `dbo:starring`, `dbo:director`, `dbo:releaseDate` und wei-te-re Pr[]adikate
 []


Overfull \hbox (0.22119pt too wide) in paragraph at lines 279--279
[]\OT1/cmr/bx/n/14.4 Strukturbasierte Op-ti-mie-rung nach Gra-phmus-tern 
 []


Overfull \hbox (0.66264pt too wide) in paragraph at lines 281--282
\OT1/cmr/m/n/12 Neuere For-schungs-ar-bei-ten klas-si-fi-zie-ren SPARQL-Anfragen nach ih-rer struk-
 []


Overfull \hbox (12.39487pt too wide) in paragraph at lines 281--282
\OT1/cmr/m/n/12 tu-rel-len Form { z.B. als Ster-ne (ein zen-tra-les Sub-jekt mit meh-re-ren Pr[]adikaten),
 []

[13]
Overfull \hbox (15.11185pt too wide) in paragraph at lines 300--301
[]\OT1/cmr/bx/n/12 Property Ta-bles: \OT1/cmr/m/n/12 Grup-pie-rung h[]aufig ge-mein-sam auf-tre-ten-der Pr[]adikate
 []


Overfull \hbox (2.20705pt too wide) in paragraph at lines 310--311
[]\OT1/cmr/m/n/12 Vorteilhaft ist da-bei die Wie-der-ver-wend-bar-keit bew[]ahrter SQL-Techniken;
 []


Overfull \hbox (48.86076pt too wide) in paragraph at lines 310--311
\OT1/cmr/m/n/12 al-ler-dings lei-det die Fle-xi-bi-lit[]at bei der Ab-bil-dung kom-ple-xer RDF-Graphenstrukturen. 
 []

[14]
Overfull \hbox (4.00179pt too wide) in paragraph at lines 325--325
[]\OT1/cmr/bx/n/17.28 Vergleich mit klas-si-schen Op-ti-mie-rungs-kon-
 []

[15]
Overfull \hbox (7.5126pt too wide) in paragraph at lines 358--359
[]\OT1/cmr/m/n/12 Beispielsweise k[]onnen RDF-Inferenzsysteme wie Apa-che Je-na durch RDFS-
 []

[16]
Underfull \hbox (badness 1221) in paragraph at lines 383--383
[]\OT1/cmr/m/n/12 festes, ge-schlos-se-nes Sche-
 []


Underfull \hbox (badness 10000) in paragraph at lines 386--387
[]\OT1/cmr/m/n/12 heuristisch, kos-ten-ba-siert,
 []


Underfull \hbox (badness 10000) in paragraph at lines 387--387
[]\OT1/cmr/m/n/12 IDB/EDB-
 []


Overfull \hbox (58.56496pt too wide) in paragraph at lines 378--390
 [][] 
 []


Overfull \hbox (17.11795pt too wide) in paragraph at lines 396--397
\OT1/cmr/m/n/12 Die vor-an-ge-gan-ge-nen Ka-pi-tel ha-ben ge-zeigt, dass die Op-ti-mie-rung von SPARQL-
 []

[17] [18]
Overfull \hbox (13.11665pt too wide) in paragraph at lines 412--413
\OT1/cmr/m/n/12 Obwohl vie-le der ge-nann-ten Op-ti-mie-rungs-pro-ble-me in der For-schung ausf[]uhrlich
 []


Overfull \hbox (19.15135pt too wide) in paragraph at lines 421--422
\OT1/cmr/m/n/12 Lear-ning oder Graph-Neural-Networks) in dy-na-mi-schen RDF-Umgebungen
 []

[19]
Overfull \hbox (23.39708pt too wide) in paragraph at lines 445--446
[]\OT1/cmr/bx/n/12 Lernbasierte Op-ti-mie-rung: \OT1/cmr/m/n/12 Der Ein-satz von Machine-Learning-Ans[]atzen
 []

[20]
Overfull \hbox (2.62643pt too wide) in paragraph at lines 451--452
\OT1/cmr/m/n/12 Bench-marks f[]ur SPARQL-Optimierung sind es-sen-zi-ell, um neue Ans[]atze
 []


Overfull \hbox (2.42802pt too wide) in paragraph at lines 458--458
[]\OT1/cmr/m/n/12 Tim Berners-Lee, Ja-mes Hend-ler und Ora Las-si-la. []  The Se-man-tic Web\.
 []


Overfull \hbox (3.40233pt too wide) in paragraph at lines 458--458
[]\OT1/cmr/m/n/12 Alfons Kem-per und An-dr^^Se Eick-ler. \OT1/cmr/m/it/12 Da-ten-bank-sys-te-me: Ei-ne Einf[]uhrung\OT1/cmr/m/n/12 .
 []

[21]
Overfull \hbox (1.83286pt too wide) in paragraph at lines 458--458
[]\OT1/cmr/m/n/12 Muhammad Sa-leem u.a. []  A Struc-tu-ral Ap-proach for Op-ti-mi-zing SPAR-
 []

[22] [23] (main.aux)
 ***********
LaTeX2e <2023-11-01> patch level 1
L3 programming layer <2024-01-04>
 ***********
Package logreq Info: Writing requests to 'main.run.xml'.
\openout1 = `main.run.xml'.

 ) 
Here is how much of TeX's memory you used:
 13587 strings out of 474486
 248922 string characters out of 5740416
 1978542 words of memory out of 5000000
 35749 multiletter control sequences out of 15000+600000
 565062 words of font info for 60 fonts, out of 8000000 for 9000
 1143 hyphenation exceptions out of 8191
 66i,11n,81p,836b,2371s stack positions out of 10000i,1000n,20000p,200000b,200000s
 <C:\Users\Ouabo Jordan\AppData\Local\MiKTeX\fonts/pk/ljfour/jknappen/ec/dpi600\tcrm1200.pk><C:/Users/Ouabo Jordan/AppData/Local/Programs/MiKTeX/fonts/type1/public/amsfonts/cm/cmbx12.pfb><C:/Users/Ouabo Jordan/AppData/Local/Programs/MiKTeX/fonts/type1/public/amsfonts/cm/cmmi12.pfb><C:/Users/Ouabo Jordan/AppData/Local/Programs/MiKTeX/fonts/type1/public/amsfonts/cm/cmmi8.pfb><C:/Users/Ouabo Jordan/AppData/Local/Programs/MiKTeX/fonts/type1/public/amsfonts/cm/cmr12.pfb><C:/Users/Ouabo Jordan/AppData/Local/Programs/MiKTeX/fonts/type1/public/amsfonts/cm/cmr8.pfb><C:/Users/Ouabo Jordan/AppData/Local/Programs/MiKTeX/fonts/type1/public/amsfonts/cm/cmti12.pfb><C:/Users/Ouabo Jordan/AppData/Local/Programs/MiKTeX/fonts/type1/public/amsfonts/cm/cmtt12.pfb>
Output written on main.pdf (24 pages, 165365 bytes).
PDF statistics:
 119 PDF objects out of 1000 (max. 8388607)
 0 named destinations out of 1000 (max. 500000)
 1 words of extra memory for PDF output out of 10000 (max. 10000000)

